<?xml version="1.0" encoding="UTF-8"?>
<testsuites name="TS6" time="59.371" tests="1" failures="0" errors="0">
   <testsuite name="TS6" tests="1" failures="0" errors="0" time="59.371" skipped="0" timestamp="22-08-2024T10:00:25" hostname="phamvanbinh - localhost" id="Test Suites/TS6">
      <properties>
[...]
</properties>
      <testcase name="Test Cases/TC6" time="59.31" classname="Test Cases/TC6" status="PASSED">
         <system-out><![CDATA[22-08-2024T10:00:25 - [TEST_CASE][PASSED] - Test Cases/TC6: Test Cases/TC6

22-08-2024T10:00:25 - [TEST_STEP][PASSED] - openBrowser("https://google.com"): Browser is opened with url: 'https://google.com'

22-08-2024T10:00:25 - [MESSAGE][INFO] - User set preference: ['os', 'windows']

22-08-2024T10:00:25 - [MESSAGE][INFO] - User set preference: ['browserVersion', '127']

22-08-2024T10:00:25 - [MESSAGE][INFO] - User set preference: ['browserName', 'chrome']

22-08-2024T10:00:25 - [MESSAGE][INFO] - User set preference: ['katalon:option', '{organizationId=1616791, usingTunnel=false}']

22-08-2024T10:00:25 - [MESSAGE][INFO] - Connecting to remote web server 'testcloud.katalon.com/hub' with type 'Selenium'

22-08-2024T10:00:26 - [MESSAGE][INFO] - Action delay is set to 0 milliseconds

22-08-2024T10:01:23 - [MESSAGE][PASSED] - Browser is opened with url: 'https://google.com'

22-08-2024T10:01:23 - [TEST_STEP][PASSED] - closeBrowser(): Browser is closed

22-08-2024T10:01:25 - [MESSAGE][PASSED] - Browser is closed]]></system-out>
         <system-err><![CDATA[]]></system-err>
      </testcase>
      <system-out><![CDATA[22-08-2024T10:00:25 - [TEST_SUITE][PASSED] - TS6: Test Cases/TC6]]></system-out>
      <system-err><![CDATA[]]></system-err>
   </testsuite>
</testsuites>
