<?xml version="1.0" encoding="UTF-8"?>
<testsuites name="TS1" time="49.186" tests="1" failures="0" errors="0">
   <testsuite name="TS1" tests="1" failures="0" errors="0" time="49.186" skipped="0" timestamp="21-08-2024T15:33:06" hostname="phamvanbinh - localhost" id="Test Suites/TS1">
      <properties>
[...]
</properties>
      <testcase name="Test Cases/TC1" time="49.137" classname="Test Cases/TC1" status="PASSED">
         <system-out><![CDATA[21-08-2024T15:33:06 - [TEST_CASE][PASSED] - Test Cases/TC1: Test Cases/TC1

21-08-2024T15:33:06 - [TEST_STEP][PASSED] - openBrowser("https://google.com"): Browser is opened with url: 'https://google.com'

21-08-2024T15:33:06 - [MESSAGE][INFO] - User set preference: ['os', 'windows']

21-08-2024T15:33:06 - [MESSAGE][INFO] - User set preference: ['browserVersion', '127']

21-08-2024T15:33:06 - [MESSAGE][INFO] - User set preference: ['browserName', 'chrome']

21-08-2024T15:33:06 - [MESSAGE][INFO] - User set preference: ['katalon:option', '{organizationId=1616791, usingTunnel=false}']

21-08-2024T15:33:06 - [MESSAGE][INFO] - Connecting to remote web server 'testcloud.katalon.com/hub' with type 'Selenium'

21-08-2024T15:33:06 - [MESSAGE][INFO] - Action delay is set to 0 milliseconds

21-08-2024T15:33:55 - [MESSAGE][PASSED] - Browser is opened with url: 'https://google.com']]></system-out>
         <system-err><![CDATA[]]></system-err>
      </testcase>
      <system-out><![CDATA[21-08-2024T15:33:06 - [TEST_SUITE][PASSED] - TS1: Test Cases/TC1]]></system-out>
      <system-err><![CDATA[]]></system-err>
   </testsuite>
</testsuites>
